2013-06-27 14:55:00,704 :: Application <Flask 'test_application'> successfully generated
2013-06-27 14:55:00,709 :: Application <Flask 'test'> successfully generated
2013-06-27 14:55:00,712 :: Application <Flask 'test'> successfully generated
2013-06-27 14:55:00,715 :: Application <Flask 'test'> successfully generated
2013-06-27 14:55:00,723 :: Application <Flask 'test_extensions'> successfully generated
2013-06-27 14:55:00,729 :: Application <Flask 'test_application'> successfully generated
2013-06-27 14:55:00,732 :: Application <Flask 'test'> successfully generated
2013-06-27 14:55:00,740 :: Application <Flask 'test_application'> successfully generated
2013-06-27 14:55:00,753 :: Application <Flask 'test'> successfully generated
2013-06-27 15:09:41,596 :: Application <Flask 'test_application'> successfully generated
2013-06-27 15:09:41,602 :: Application <Flask 'test'> successfully generated
2013-06-27 15:09:41,605 :: Application <Flask 'test'> successfully generated
2013-06-27 15:09:41,608 :: Application <Flask 'test'> successfully generated
2013-06-27 15:09:41,616 :: Application <Flask 'test_extensions'> successfully generated
2013-06-27 15:09:41,622 :: Application <Flask 'test_application'> successfully generated
2013-06-27 15:09:41,625 :: Application <Flask 'test'> successfully generated
2013-06-27 15:09:41,633 :: Application <Flask 'test_application'> successfully generated
2013-06-27 15:09:41,645 :: Application <Flask 'test'> successfully generated
2013-06-27 16:37:09,215 :: 
                           Application <Flask 'test_application'> successfully generated
                           
2013-06-27 16:37:09,221 :: 
                           Application <Flask 'test'> successfully generated
                           
2013-06-27 16:37:09,224 :: 
                           Application <Flask 'test'> successfully generated
                           
2013-06-27 16:37:09,226 :: 
                           Application <Flask 'test'> successfully generated
                           
2013-06-27 16:37:09,234 :: 
                           Application <Flask 'test_extensions'> successfully generated
                           
2013-06-27 16:37:09,240 :: 
                           Application <Flask 'test_application'> successfully generated
                           
2013-06-27 16:37:09,243 :: 
                           Application <Flask 'test'> successfully generated
                           
2013-06-27 16:37:09,251 :: 
                           Application <Flask 'test_application'> successfully generated
                           
2013-06-27 16:37:09,263 :: 
                           Application <Flask 'test'> successfully generated
                           
2013-06-27 16:38:36,515 :: 
                           Application <Flask 'test_application'> successfully generated
                           
2013-06-27 16:38:36,521 :: 
                           Application <Flask 'test'> successfully generated
                           
2013-06-27 16:38:36,524 :: 
                           Application <Flask 'test'> successfully generated
                           
2013-06-27 16:38:36,527 :: 
                           Application <Flask 'test'> successfully generated
                           
2013-06-27 16:38:36,534 :: 
                           Application <Flask 'test_extensions'> successfully generated
                           
2013-06-27 16:38:36,540 :: 
                           Application <Flask 'test_application'> successfully generated
                           
2013-06-27 16:38:36,543 :: 
                           Application <Flask 'test'> successfully generated
                           
2013-06-27 16:38:36,551 :: 
                           Application <Flask 'test_application'> successfully generated
                           
2013-06-27 16:38:36,564 :: 
                           Application <Flask 'test'> successfully generated
                           
